<?xml version="1.0" encoding="UTF-8"?>
<!-- Generated by org.testng.reporters.JUnitReportReporter -->
<testsuite skipped="0" hostname="DESKTOP-SHV77TK" name="com.automa.tests.LoginDPTest" tests="10" failures="0" timestamp="2019-10-28T22:47:48 EAT" time="0.046" errors="0">
  <testcase name="login" time="0.003" classname="com.automa.tests.LoginDPTest"/>
  <testcase name="login" time="0.002" classname="com.automa.tests.LoginDPTest"/>
  <testcase name="login" time="0.001" classname="com.automa.tests.LoginDPTest"/>
  <testcase name="login" time="0.002" classname="com.automa.tests.LoginDPTest"/>
  <testcase name="login" time="0.002" classname="com.automa.tests.LoginDPTest"/>
  <testcase name="login" time="0.002" classname="com.automa.tests.LoginDPTest"/>
  <testcase name="login" time="0.005" classname="com.automa.tests.LoginDPTest"/>
  <testcase name="login" time="0.002" classname="com.automa.tests.LoginDPTest"/>
  <testcase name="login" time="0.023" classname="com.automa.tests.LoginDPTest"/>
  <testcase name="login" time="0.004" classname="com.automa.tests.LoginDPTest"/>
</testsuite> <!-- com.automa.tests.LoginDPTest -->
