<?xml version="1.0" encoding="UTF-8"?>
<!-- Generated by org.testng.reporters.JUnitReportReporter -->
<testsuite hostname="DESKTOP-377NK29" failures="0" tests="3" name="com.data.AutomationDataProvider" time="0.007" errors="0" timestamp="2019-10-15T17:35:50 EAT" skipped="0">
  <testcase classname="com.data.AutomationDataProvider" name="setData" time="0.000"/>
  <testcase classname="com.data.AutomationDataProvider" name="setData" time="0.001"/>
  <testcase classname="com.data.AutomationDataProvider" name="setData" time="0.006"/>
</testsuite> <!-- com.data.AutomationDataProvider -->
