<?xml version="1.0" encoding="UTF-8"?>
<!-- Generated by org.testng.reporters.JUnitReportReporter -->
<testsuite skipped="0" hostname="DESKTOP-SHV77TK" name="com.data.ExampleDataProvider" tests="11" failures="0" timestamp="2019-10-28T22:37:31 EAT" time="0.036" errors="0">
  <testcase name="fetchString" time="0.002" classname="com.data.ExampleDataProvider"/>
  <testcase name="fetchString" time="0.003" classname="com.data.ExampleDataProvider"/>
  <testcase name="fetchString" time="0.002" classname="com.data.ExampleDataProvider"/>
  <testcase name="fetchString" time="0.003" classname="com.data.ExampleDataProvider"/>
  <testcase name="fetchString" time="0.001" classname="com.data.ExampleDataProvider"/>
  <testcase name="fetchString" time="0.003" classname="com.data.ExampleDataProvider"/>
  <testcase name="fetchString" time="0.002" classname="com.data.ExampleDataProvider"/>
  <testcase name="fetchString" time="0.014" classname="com.data.ExampleDataProvider"/>
  <testcase name="fetchString" time="0.002" classname="com.data.ExampleDataProvider"/>
  <testcase name="fetchString" time="0.002" classname="com.data.ExampleDataProvider"/>
  <testcase name="fetchString" time="0.002" classname="com.data.ExampleDataProvider"/>
</testsuite> <!-- com.data.ExampleDataProvider -->
