<?xml version="1.0" encoding="UTF-8"?>
<!-- Generated by org.testng.reporters.JUnitReportReporter -->
<testsuite hostname="DESKTOP-377NK29" failures="0" tests="2" name="com.automa.tests.RegistrationTest" time="25.707" errors="0" timestamp="2019-10-15T15:07:53 EAT" skipped="0">
  <testcase classname="com.automa.tests.RegistrationTest" name="registerWithUiqueValidEmailAddess" time="14.704"/>
  <testcase classname="com.automa.tests.RegistrationTest" name="createAccountSuccessfullyWithAllRequiredValidData" time="11.003"/>
</testsuite> <!-- com.automa.tests.RegistrationTest -->
