<?xml version="1.0" encoding="UTF-8"?>
<!-- Generated by org.testng.reporters.JUnitReportReporter -->
<testsuite hostname="DESKTOP-377NK29" failures="0" tests="2" name="com.automationpractice.tests.LoginTest" time="17.193" errors="0" timestamp="2019-10-08T19:52:42 EAT" skipped="0">
  <testcase classname="com.automationpractice.tests.LoginTest" name="verifyValidLoginEmailAddress" time="7.029"/>
  <testcase classname="com.automationpractice.tests.LoginTest" name="loginWithValidCredentials" time="10.164"/>
</testsuite> <!-- com.automationpractice.tests.LoginTest -->
