<?xml version="1.0" encoding="UTF-8"?>
<!-- Generated by org.testng.reporters.JUnitReportReporter -->
<testsuite hostname="DESKTOP-377NK29" failures="0" tests="1" name="com.automationpractice.tests.SauceLabTest" time="5.481" errors="0" timestamp="2019-10-07T19:38:17 EAT" skipped="0">
  <testcase classname="com.automationpractice.tests.SauceLabTest" name="openTest" time="5.481"/>
</testsuite> <!-- com.automationpractice.tests.SauceLabTest -->
