<?xml version="1.0" encoding="UTF-8"?>
<!-- Generated by org.testng.reporters.JUnitReportReporter -->
<testsuite hostname="DESKTOP-377NK29" failures="0" tests="2" name="com.automa.tests.RegistrationTest" time="48.259" errors="0" timestamp="2019-10-15T16:59:54 EAT" skipped="0">
  <testcase classname="com.automa.tests.RegistrationTest" name="registerWithUiqueValidEmailAddess" time="26.625"/>
  <testcase classname="com.automa.tests.RegistrationTest" name="createAccountSuccessfullyWithAllRequiredValidData" time="21.634"/>
</testsuite> <!-- com.automa.tests.RegistrationTest -->
