<?xml version="1.0" encoding="UTF-8"?>
<!-- Generated by org.testng.reporters.JUnitReportReporter -->
<testsuite hostname="DESKTOP-377NK29" failures="0" tests="1" name="com.automa.tests.HomepageTest" time="2.014" errors="0" timestamp="2019-10-10T10:33:57 EAT" skipped="0">
  <testcase classname="com.automa.tests.HomepageTest" name="verifyHomepageTitle" time="2.014"/>
</testsuite> <!-- com.automa.tests.HomepageTest -->
