<?xml version="1.0" encoding="UTF-8"?>
<!-- Generated by org.testng.reporters.JUnitReportReporter -->
<testsuite hostname="DESKTOP-377NK29" failures="0" tests="5" name="com.data.LoginDataProvider" time="0.009" errors="0" timestamp="2019-10-16T06:20:38 EAT" skipped="0">
  <testcase classname="com.data.LoginDataProvider" name="useDataProvider" time="0.001"/>
  <testcase classname="com.data.LoginDataProvider" name="useDataProvider" time="0.001"/>
  <testcase classname="com.data.LoginDataProvider" name="useDataProvider" time="0.000"/>
  <testcase classname="com.data.LoginDataProvider" name="useDataProvider" time="0.001"/>
  <testcase classname="com.data.LoginDataProvider" name="useDataProvider" time="0.006"/>
</testsuite> <!-- com.data.LoginDataProvider -->
