<?xml version="1.0" encoding="UTF-8"?>
<!-- Generated by org.testng.reporters.JUnitReportReporter -->
<testsuite hostname="DESKTOP-377NK29" failures="0" tests="2" name="com.automa.tests.LoginTest" time="18.964" errors="0" timestamp="2019-10-15T15:03:26 EAT" skipped="0">
  <testcase classname="com.automa.tests.LoginTest" name="verifyValidLoginEmailAddress" time="7.478"/>
  <testcase classname="com.automa.tests.LoginTest" name="loginWithValidCredentials" time="11.486"/>
</testsuite> <!-- com.automa.tests.LoginTest -->
