<?xml version="1.0" encoding="UTF-8"?>
<!-- Generated by org.testng.reporters.JUnitReportReporter -->
<testsuite hostname="DESKTOP-377NK29" failures="0" tests="3" name="com.automa.tests.LoginTest" time="22.615" errors="0" timestamp="2019-10-16T08:03:40 EAT" skipped="0">
  <testcase classname="com.automa.tests.LoginTest" name="login" time="4.496"/>
  <testcase classname="com.automa.tests.LoginTest" name="login" time="13.354"/>
  <testcase classname="com.automa.tests.LoginTest" name="login" time="4.765"/>
</testsuite> <!-- com.automa.tests.LoginTest -->
