<?xml version="1.0" encoding="UTF-8"?>
<!-- Generated by org.testng.reporters.JUnitReportReporter -->
<testsuite hostname="DESKTOP-377NK29" failures="0" tests="3" name="com.automa.tests.LoginDataProviderTest" time="20.940" errors="0" timestamp="2019-10-31T18:51:02 EAT" skipped="0">
  <testcase classname="com.automa.tests.LoginDataProviderTest" name="login" time="5.519"/>
  <testcase classname="com.automa.tests.LoginDataProviderTest" name="login" time="13.089"/>
  <testcase classname="com.automa.tests.LoginDataProviderTest" name="login" time="2.332"/>
</testsuite> <!-- com.automa.tests.LoginDataProviderTest -->
