<?xml version="1.0" encoding="UTF-8"?>
<!-- Generated by org.testng.reporters.JUnitReportReporter -->
<testsuite hostname="DESKTOP-377NK29" failures="0" tests="2" name="com.automationpractice.tests.RegistrationTest" time="19.023" errors="0" timestamp="2019-10-09T17:58:54 EAT" skipped="0">
  <testcase classname="com.automationpractice.tests.RegistrationTest" name="registerWithUiqueValidEmailAddess" time="4.667"/>
  <testcase classname="com.automationpractice.tests.RegistrationTest" name="createAccountSuccessfullyWithAllRequiredValidData" time="14.356"/>
</testsuite> <!-- com.automationpractice.tests.RegistrationTest -->
