<?xml version="1.0" encoding="UTF-8"?>
<!-- Generated by org.testng.reporters.JUnitReportReporter -->
<testsuite hostname="DESKTOP-377NK29" failures="0" tests="3" name="com.automationpractice.tests.LoginTest" time="16.353" errors="0" timestamp="2019-10-09T14:20:29 EAT" skipped="0">
  <testcase classname="com.automationpractice.tests.LoginTest" name="verifyAuthenticationPageTitle" time="3.565"/>
  <testcase classname="com.automationpractice.tests.LoginTest" name="verifyValidLoginEmailAddress" time="7.677"/>
  <testcase classname="com.automationpractice.tests.LoginTest" name="loginWithValidCredentials" time="5.111"/>
</testsuite> <!-- com.automationpractice.tests.LoginTest -->
