<?xml version="1.0" encoding="UTF-8"?>
<!-- Generated by org.testng.reporters.JUnitReportReporter -->
<testsuite skipped="0" hostname="DESKTOP-SHV77TK" name="com.automa.tests.iContextDataProviderTest" tests="6" failures="0" timestamp="2019-10-28T19:22:19 EAT" time="0.047" errors="0">
  <testcase name="groupX" time="0.003" classname="com.automa.tests.iContextDataProviderTest"/>
  <testcase name="groupA" time="0.011" classname="com.automa.tests.iContextDataProviderTest"/>
  <testcase name="groupA" time="0.025" classname="com.automa.tests.iContextDataProviderTest"/>
  <testcase name="groupA" time="0.004" classname="com.automa.tests.iContextDataProviderTest"/>
  <testcase name="groupX" time="0.002" classname="com.automa.tests.iContextDataProviderTest"/>
  <testcase name="groupX" time="0.002" classname="com.automa.tests.iContextDataProviderTest"/>
</testsuite> <!-- com.automa.tests.iContextDataProviderTest -->
