<?xml version="1.0" encoding="UTF-8"?>
<!-- Generated by org.testng.reporters.JUnitReportReporter -->
<testsuite hostname="DESKTOP-377NK29" failures="0" tests="6" name="com.automa.tests.iContextDataProviderTest" time="0.011" errors="0" timestamp="2019-10-16T08:12:56 EAT" skipped="0">
  <testcase classname="com.automa.tests.iContextDataProviderTest" name="groupA" time="0.001"/>
  <testcase classname="com.automa.tests.iContextDataProviderTest" name="groupX" time="0.000"/>
  <testcase classname="com.automa.tests.iContextDataProviderTest" name="groupX" time="0.001"/>
  <testcase classname="com.automa.tests.iContextDataProviderTest" name="groupA" time="0.002"/>
  <testcase classname="com.automa.tests.iContextDataProviderTest" name="groupA" time="0.006"/>
  <testcase classname="com.automa.tests.iContextDataProviderTest" name="groupX" time="0.001"/>
</testsuite> <!-- com.automa.tests.iContextDataProviderTest -->
