<?xml version="1.0" encoding="UTF-8"?>
<!-- Generated by org.testng.reporters.JUnitReportReporter -->
<testsuite skipped="0" hostname="DESKTOP-SHV77TK" name="com.automa.tests.HomepageTest" tests="1" failures="0" timestamp="2019-10-28T19:23:45 EAT" time="17.071" errors="0">
  <testcase name="verifyHomepageTitle" time="17.071" classname="com.automa.tests.HomepageTest"/>
</testsuite> <!-- com.automa.tests.HomepageTest -->
