<?xml version="1.0" encoding="UTF-8"?>
<!-- Generated by org.testng.reporters.JUnitReportReporter -->
<testsuite skipped="0" hostname="DESKTOP-SHV77TK" name="com.automa.tests.ClothSearchTest" tests="8" failures="0" timestamp="2019-10-28T19:22:55 EAT" time="0.039" errors="0">
  <testcase name="searchAllWomenClothes" time="0.002" classname="com.automa.tests.ClothSearchTest"/>
  <testcase name="searchAllWomenClothes" time="0.003" classname="com.automa.tests.ClothSearchTest"/>
  <testcase name="searchAllWomenClothes" time="0.017" classname="com.automa.tests.ClothSearchTest"/>
  <testcase name="searchOnlyDresses" time="0.006" classname="com.automa.tests.ClothSearchTest"/>
  <testcase name="searchAllWomenClothes" time="0.004" classname="com.automa.tests.ClothSearchTest"/>
  <testcase name="searchOnlyDresses" time="0.002" classname="com.automa.tests.ClothSearchTest"/>
  <testcase name="searchAllWomenClothes" time="0.003" classname="com.automa.tests.ClothSearchTest"/>
  <testcase name="searchOnlyDresses" time="0.002" classname="com.automa.tests.ClothSearchTest"/>
</testsuite> <!-- com.automa.tests.ClothSearchTest -->
