<?xml version="1.0" encoding="UTF-8"?>
<!-- Generated by org.testng.reporters.JUnitReportReporter -->
<testsuite hostname="DESKTOP-377NK29" failures="0" tests="1" name="com.automa.tests.AuthenticationpageTest" time="12.033" errors="0" timestamp="2019-10-10T10:33:57 EAT" skipped="0">
  <testcase classname="com.automa.tests.AuthenticationpageTest" name="verifyAuthenticationPageTitle" time="12.033"/>
</testsuite> <!-- com.automa.tests.AuthenticationpageTest -->
