<?xml version="1.0" encoding="UTF-8"?>
<!-- Generated by org.testng.reporters.JUnitReportReporter -->
<testsuite hostname="DESKTOP-377NK29" failures="0" tests="2" name="com.automa.tests.RegistrationTest" time="42.688" errors="0" timestamp="2019-10-10T11:43:06 EAT" skipped="0">
  <testcase classname="com.automa.tests.RegistrationTest" name="registerWithUiqueValidEmailAddess" time="5.664"/>
  <testcase classname="com.automa.tests.RegistrationTest" name="createAccountSuccessfullyWithAllRequiredValidData" time="37.024"/>
</testsuite> <!-- com.automa.tests.RegistrationTest -->
