<?xml version="1.0" encoding="UTF-8"?>
<!-- Generated by org.testng.reporters.JUnitReportReporter -->
<testsuite hostname="DESKTOP-377NK29" failures="0" tests="1" name="com.automationpractice.tests.HomepageTest" time="2.000" errors="0" timestamp="2019-10-10T10:32:49 EAT" skipped="0">
  <testcase classname="com.automationpractice.tests.HomepageTest" name="verifyHomepageTitle" time="2.000"/>
</testsuite> <!-- com.automationpractice.tests.HomepageTest -->
