<?xml version="1.0" encoding="UTF-8"?>
<!-- Generated by org.testng.reporters.JUnitReportReporter -->
<testsuite skipped="0" hostname="DESKTOP-SHV77TK" name="com.data.LoginDataProvider" tests="5" failures="0" timestamp="2019-10-28T22:03:47 EAT" time="0.027" errors="0">
  <testcase name="useDataProvider" time="0.002" classname="com.data.LoginDataProvider"/>
  <testcase name="useDataProvider" time="0.002" classname="com.data.LoginDataProvider"/>
  <testcase name="useDataProvider" time="0.006" classname="com.data.LoginDataProvider"/>
  <testcase name="useDataProvider" time="0.015" classname="com.data.LoginDataProvider"/>
  <testcase name="useDataProvider" time="0.002" classname="com.data.LoginDataProvider"/>
</testsuite> <!-- com.data.LoginDataProvider -->
