<?xml version="1.0" encoding="UTF-8"?>
<!-- Generated by org.testng.reporters.JUnitReportReporter -->
<testsuite hostname="DESKTOP-377NK29" failures="0" tests="1" name="com.automationpractice.tests.CustomerLoginTest" time="12.100" errors="0" timestamp="2019-10-08T19:27:16 EAT" skipped="0">
  <testcase classname="com.automationpractice.tests.CustomerLoginTest" name="customerLoginWithValidCredentials" time="12.100"/>
</testsuite> <!-- com.automationpractice.tests.CustomerLoginTest -->
