<?xml version="1.0" encoding="UTF-8"?>
<!-- Generated by org.testng.reporters.JUnitReportReporter -->
<testsuite hostname="DESKTOP-377NK29" failures="0" tests="1" name="com.automationpractice.tests.AuthenticationpageTest" time="11.845" errors="0" timestamp="2019-10-10T10:32:49 EAT" skipped="0">
  <testcase classname="com.automationpractice.tests.AuthenticationpageTest" name="verifyAuthenticationPageTitle" time="11.845"/>
</testsuite> <!-- com.automationpractice.tests.AuthenticationpageTest -->
