<?xml version="1.0" encoding="UTF-8"?>
<!-- Generated by org.testng.reporters.JUnitReportReporter -->
<testsuite hostname="DESKTOP-377NK29" failures="0" tests="16" name="com.automa.tests.ClothSearchTest" time="0.020" errors="0" timestamp="2019-10-16T08:09:59 EAT" skipped="0">
  <testcase classname="com.automa.tests.ClothSearchTest" name="searchAllWomenClothes" time="0.001"/>
  <testcase classname="com.automa.tests.ClothSearchTest" name="searchAllWomenClothes" time="0.001"/>
  <testcase classname="com.automa.tests.ClothSearchTest" name="searchAllWomenClothes" time="0.001"/>
  <testcase classname="com.automa.tests.ClothSearchTest" name="searchAllWomenClothes" time="0.001"/>
  <testcase classname="com.automa.tests.ClothSearchTest" name="searchAllWomenClothes" time="0.001"/>
  <testcase classname="com.automa.tests.ClothSearchTest" name="searchAllWomenClothes" time="0.001"/>
  <testcase classname="com.automa.tests.ClothSearchTest" name="searchOnlyDresses" time="0.001"/>
  <testcase classname="com.automa.tests.ClothSearchTest" name="searchAllWomenClothes" time="0.001"/>
  <testcase classname="com.automa.tests.ClothSearchTest" name="searchOnlyDresses" time="0.001"/>
  <testcase classname="com.automa.tests.ClothSearchTest" name="searchOnlyDresses" time="0.000"/>
  <testcase classname="com.automa.tests.ClothSearchTest" name="searchOnlyDresses" time="0.001"/>
  <testcase classname="com.automa.tests.ClothSearchTest" name="searchOnlyDresses" time="0.001"/>
  <testcase classname="com.automa.tests.ClothSearchTest" name="searchAllWomenClothes" time="0.001"/>
  <testcase classname="com.automa.tests.ClothSearchTest" name="searchAllWomenClothes" time="0.006"/>
  <testcase classname="com.automa.tests.ClothSearchTest" name="searchOnlyDresses" time="0.001"/>
  <testcase classname="com.automa.tests.ClothSearchTest" name="searchAllWomenClothes" time="0.001"/>
</testsuite> <!-- com.automa.tests.ClothSearchTest -->
